Determining if the pthread_create exist failed with the following output:
Change Dir: /home/cero2/kobuki_ws/build/kobuki_gazebo_plugins/CMakeFiles/CMakeTmp

Run Build Command:"/usr/bin/make" "cmTC_71303/fast"
/usr/bin/make -f CMakeFiles/cmTC_71303.dir/build.make CMakeFiles/cmTC_71303.dir/build
make[1]: Entering directory '/home/cero2/kobuki_ws/build/kobuki_gazebo_plugins/CMakeFiles/CMakeTmp'
Building C object CMakeFiles/cmTC_71303.dir/CheckSymbolExists.c.o
/usr/bin/cc    -o CMakeFiles/cmTC_71303.dir/CheckSymbolExists.c.o   -c /home/cero2/kobuki_ws/build/kobuki_gazebo_plugins/CMakeFiles/CMakeTmp/CheckSymbolExists.c
Linking C executable cmTC_71303
/usr/bin/cmake -E cmake_link_script CMakeFiles/cmTC_71303.dir/link.txt --verbose=1
/usr/bin/cc      -rdynamic CMakeFiles/cmTC_71303.dir/CheckSymbolExists.c.o  -o cmTC_71303 
CMakeFiles/cmTC_71303.dir/CheckSymbolExists.c.o: In function `main':
CheckSymbolExists.c:(.text+0x1b): undefined reference to `pthread_create'
collect2: error: ld returned 1 exit status
CMakeFiles/cmTC_71303.dir/build.make:97: recipe for target 'cmTC_71303' failed
make[1]: *** [cmTC_71303] Error 1
make[1]: Leaving directory '/home/cero2/kobuki_ws/build/kobuki_gazebo_plugins/CMakeFiles/CMakeTmp'
Makefile:126: recipe for target 'cmTC_71303/fast' failed
make: *** [cmTC_71303/fast] Error 2

File /home/cero2/kobuki_ws/build/kobuki_gazebo_plugins/CMakeFiles/CMakeTmp/CheckSymbolExists.c:
/* */
#include <pthread.h>

int main(int argc, char** argv)
{
  (void)argv;
#ifndef pthread_create
  return ((int*)(&pthread_create))[argc];
#else
  (void)argc;
  return 0;
#endif
}

Determining if the function pthread_create exists in the pthreads failed with the following output:
Change Dir: /home/cero2/kobuki_ws/build/kobuki_gazebo_plugins/CMakeFiles/CMakeTmp

Run Build Command:"/usr/bin/make" "cmTC_67663/fast"
/usr/bin/make -f CMakeFiles/cmTC_67663.dir/build.make CMakeFiles/cmTC_67663.dir/build
make[1]: Entering directory '/home/cero2/kobuki_ws/build/kobuki_gazebo_plugins/CMakeFiles/CMakeTmp'
Building C object CMakeFiles/cmTC_67663.dir/CheckFunctionExists.c.o
/usr/bin/cc   -DCHECK_FUNCTION_EXISTS=pthread_create   -o CMakeFiles/cmTC_67663.dir/CheckFunctionExists.c.o   -c /usr/share/cmake-3.10/Modules/CheckFunctionExists.c
Linking C executable cmTC_67663
/usr/bin/cmake -E cmake_link_script CMakeFiles/cmTC_67663.dir/link.txt --verbose=1
/usr/bin/cc  -DCHECK_FUNCTION_EXISTS=pthread_create    -rdynamic CMakeFiles/cmTC_67663.dir/CheckFunctionExists.c.o  -o cmTC_67663 -lpthreads 
/usr/bin/ld: cannot find -lpthreads
collect2: error: ld returned 1 exit status
CMakeFiles/cmTC_67663.dir/build.make:97: recipe for target 'cmTC_67663' failed
make[1]: *** [cmTC_67663] Error 1
make[1]: Leaving directory '/home/cero2/kobuki_ws/build/kobuki_gazebo_plugins/CMakeFiles/CMakeTmp'
Makefile:126: recipe for target 'cmTC_67663/fast' failed
make: *** [cmTC_67663/fast] Error 2


