Determining if the pthread_create exist failed with the following output:
Change Dir: /home/cero2/kobuki_ws/build/rosserial_vex_v5/CMakeFiles/CMakeTmp

Run Build Command:"/usr/bin/make" "cmTC_bd83d/fast"
/usr/bin/make -f CMakeFiles/cmTC_bd83d.dir/build.make CMakeFiles/cmTC_bd83d.dir/build
make[1]: Entering directory '/home/cero2/kobuki_ws/build/rosserial_vex_v5/CMakeFiles/CMakeTmp'
Building C object CMakeFiles/cmTC_bd83d.dir/CheckSymbolExists.c.o
/usr/bin/cc    -o CMakeFiles/cmTC_bd83d.dir/CheckSymbolExists.c.o   -c /home/cero2/kobuki_ws/build/rosserial_vex_v5/CMakeFiles/CMakeTmp/CheckSymbolExists.c
Linking C executable cmTC_bd83d
/usr/bin/cmake -E cmake_link_script CMakeFiles/cmTC_bd83d.dir/link.txt --verbose=1
/usr/bin/cc      -rdynamic CMakeFiles/cmTC_bd83d.dir/CheckSymbolExists.c.o  -o cmTC_bd83d 
CMakeFiles/cmTC_bd83d.dir/CheckSymbolExists.c.o: In function `main':
CheckSymbolExists.c:(.text+0x1b): undefined reference to `pthread_create'
collect2: error: ld returned 1 exit status
CMakeFiles/cmTC_bd83d.dir/build.make:97: recipe for target 'cmTC_bd83d' failed
make[1]: *** [cmTC_bd83d] Error 1
make[1]: Leaving directory '/home/cero2/kobuki_ws/build/rosserial_vex_v5/CMakeFiles/CMakeTmp'
Makefile:126: recipe for target 'cmTC_bd83d/fast' failed
make: *** [cmTC_bd83d/fast] Error 2

File /home/cero2/kobuki_ws/build/rosserial_vex_v5/CMakeFiles/CMakeTmp/CheckSymbolExists.c:
/* */
#include <pthread.h>

int main(int argc, char** argv)
{
  (void)argv;
#ifndef pthread_create
  return ((int*)(&pthread_create))[argc];
#else
  (void)argc;
  return 0;
#endif
}

Determining if the function pthread_create exists in the pthreads failed with the following output:
Change Dir: /home/cero2/kobuki_ws/build/rosserial_vex_v5/CMakeFiles/CMakeTmp

Run Build Command:"/usr/bin/make" "cmTC_7fcbf/fast"
/usr/bin/make -f CMakeFiles/cmTC_7fcbf.dir/build.make CMakeFiles/cmTC_7fcbf.dir/build
make[1]: Entering directory '/home/cero2/kobuki_ws/build/rosserial_vex_v5/CMakeFiles/CMakeTmp'
Building C object CMakeFiles/cmTC_7fcbf.dir/CheckFunctionExists.c.o
/usr/bin/cc   -DCHECK_FUNCTION_EXISTS=pthread_create   -o CMakeFiles/cmTC_7fcbf.dir/CheckFunctionExists.c.o   -c /usr/share/cmake-3.10/Modules/CheckFunctionExists.c
Linking C executable cmTC_7fcbf
/usr/bin/cmake -E cmake_link_script CMakeFiles/cmTC_7fcbf.dir/link.txt --verbose=1
/usr/bin/cc  -DCHECK_FUNCTION_EXISTS=pthread_create    -rdynamic CMakeFiles/cmTC_7fcbf.dir/CheckFunctionExists.c.o  -o cmTC_7fcbf -lpthreads 
/usr/bin/ld: cannot find -lpthreads
collect2: error: ld returned 1 exit status
CMakeFiles/cmTC_7fcbf.dir/build.make:97: recipe for target 'cmTC_7fcbf' failed
make[1]: *** [cmTC_7fcbf] Error 1
make[1]: Leaving directory '/home/cero2/kobuki_ws/build/rosserial_vex_v5/CMakeFiles/CMakeTmp'
Makefile:126: recipe for target 'cmTC_7fcbf/fast' failed
make: *** [cmTC_7fcbf/fast] Error 2


