Determining if the pthread_create exist failed with the following output:
Change Dir: /home/cero2/kobuki_ws/build/rosserial_mbed/CMakeFiles/CMakeTmp

Run Build Command:"/usr/bin/make" "cmTC_5fe64/fast"
/usr/bin/make -f CMakeFiles/cmTC_5fe64.dir/build.make CMakeFiles/cmTC_5fe64.dir/build
make[1]: Entering directory '/home/cero2/kobuki_ws/build/rosserial_mbed/CMakeFiles/CMakeTmp'
Building C object CMakeFiles/cmTC_5fe64.dir/CheckSymbolExists.c.o
/usr/bin/cc    -o CMakeFiles/cmTC_5fe64.dir/CheckSymbolExists.c.o   -c /home/cero2/kobuki_ws/build/rosserial_mbed/CMakeFiles/CMakeTmp/CheckSymbolExists.c
Linking C executable cmTC_5fe64
/usr/bin/cmake -E cmake_link_script CMakeFiles/cmTC_5fe64.dir/link.txt --verbose=1
/usr/bin/cc      -rdynamic CMakeFiles/cmTC_5fe64.dir/CheckSymbolExists.c.o  -o cmTC_5fe64 
CMakeFiles/cmTC_5fe64.dir/CheckSymbolExists.c.o: In function `main':
CheckSymbolExists.c:(.text+0x1b): undefined reference to `pthread_create'
collect2: error: ld returned 1 exit status
CMakeFiles/cmTC_5fe64.dir/build.make:97: recipe for target 'cmTC_5fe64' failed
make[1]: *** [cmTC_5fe64] Error 1
make[1]: Leaving directory '/home/cero2/kobuki_ws/build/rosserial_mbed/CMakeFiles/CMakeTmp'
Makefile:126: recipe for target 'cmTC_5fe64/fast' failed
make: *** [cmTC_5fe64/fast] Error 2

File /home/cero2/kobuki_ws/build/rosserial_mbed/CMakeFiles/CMakeTmp/CheckSymbolExists.c:
/* */
#include <pthread.h>

int main(int argc, char** argv)
{
  (void)argv;
#ifndef pthread_create
  return ((int*)(&pthread_create))[argc];
#else
  (void)argc;
  return 0;
#endif
}

Determining if the function pthread_create exists in the pthreads failed with the following output:
Change Dir: /home/cero2/kobuki_ws/build/rosserial_mbed/CMakeFiles/CMakeTmp

Run Build Command:"/usr/bin/make" "cmTC_370ec/fast"
/usr/bin/make -f CMakeFiles/cmTC_370ec.dir/build.make CMakeFiles/cmTC_370ec.dir/build
make[1]: Entering directory '/home/cero2/kobuki_ws/build/rosserial_mbed/CMakeFiles/CMakeTmp'
Building C object CMakeFiles/cmTC_370ec.dir/CheckFunctionExists.c.o
/usr/bin/cc   -DCHECK_FUNCTION_EXISTS=pthread_create   -o CMakeFiles/cmTC_370ec.dir/CheckFunctionExists.c.o   -c /usr/share/cmake-3.10/Modules/CheckFunctionExists.c
Linking C executable cmTC_370ec
/usr/bin/cmake -E cmake_link_script CMakeFiles/cmTC_370ec.dir/link.txt --verbose=1
/usr/bin/cc  -DCHECK_FUNCTION_EXISTS=pthread_create    -rdynamic CMakeFiles/cmTC_370ec.dir/CheckFunctionExists.c.o  -o cmTC_370ec -lpthreads 
/usr/bin/ld: cannot find -lpthreads
collect2: error: ld returned 1 exit status
CMakeFiles/cmTC_370ec.dir/build.make:97: recipe for target 'cmTC_370ec' failed
make[1]: *** [cmTC_370ec] Error 1
make[1]: Leaving directory '/home/cero2/kobuki_ws/build/rosserial_mbed/CMakeFiles/CMakeTmp'
Makefile:126: recipe for target 'cmTC_370ec/fast' failed
make: *** [cmTC_370ec/fast] Error 2


