Determining if the pthread_create exist failed with the following output:
Change Dir: /home/cero2/kobuki_ws/build/kobuki_node/CMakeFiles/CMakeTmp

Run Build Command:"/usr/bin/make" "cmTC_7dc01/fast"
/usr/bin/make -f CMakeFiles/cmTC_7dc01.dir/build.make CMakeFiles/cmTC_7dc01.dir/build
make[1]: Entering directory '/home/cero2/kobuki_ws/build/kobuki_node/CMakeFiles/CMakeTmp'
Building C object CMakeFiles/cmTC_7dc01.dir/CheckSymbolExists.c.o
/usr/bin/cc    -o CMakeFiles/cmTC_7dc01.dir/CheckSymbolExists.c.o   -c /home/cero2/kobuki_ws/build/kobuki_node/CMakeFiles/CMakeTmp/CheckSymbolExists.c
Linking C executable cmTC_7dc01
/usr/bin/cmake -E cmake_link_script CMakeFiles/cmTC_7dc01.dir/link.txt --verbose=1
/usr/bin/cc      -rdynamic CMakeFiles/cmTC_7dc01.dir/CheckSymbolExists.c.o  -o cmTC_7dc01 
CMakeFiles/cmTC_7dc01.dir/CheckSymbolExists.c.o: In function `main':
CheckSymbolExists.c:(.text+0x1b): undefined reference to `pthread_create'
collect2: error: ld returned 1 exit status
CMakeFiles/cmTC_7dc01.dir/build.make:97: recipe for target 'cmTC_7dc01' failed
make[1]: *** [cmTC_7dc01] Error 1
make[1]: Leaving directory '/home/cero2/kobuki_ws/build/kobuki_node/CMakeFiles/CMakeTmp'
Makefile:126: recipe for target 'cmTC_7dc01/fast' failed
make: *** [cmTC_7dc01/fast] Error 2

File /home/cero2/kobuki_ws/build/kobuki_node/CMakeFiles/CMakeTmp/CheckSymbolExists.c:
/* */
#include <pthread.h>

int main(int argc, char** argv)
{
  (void)argv;
#ifndef pthread_create
  return ((int*)(&pthread_create))[argc];
#else
  (void)argc;
  return 0;
#endif
}

Determining if the function pthread_create exists in the pthreads failed with the following output:
Change Dir: /home/cero2/kobuki_ws/build/kobuki_node/CMakeFiles/CMakeTmp

Run Build Command:"/usr/bin/make" "cmTC_f53eb/fast"
/usr/bin/make -f CMakeFiles/cmTC_f53eb.dir/build.make CMakeFiles/cmTC_f53eb.dir/build
make[1]: Entering directory '/home/cero2/kobuki_ws/build/kobuki_node/CMakeFiles/CMakeTmp'
Building C object CMakeFiles/cmTC_f53eb.dir/CheckFunctionExists.c.o
/usr/bin/cc   -DCHECK_FUNCTION_EXISTS=pthread_create   -o CMakeFiles/cmTC_f53eb.dir/CheckFunctionExists.c.o   -c /usr/share/cmake-3.10/Modules/CheckFunctionExists.c
Linking C executable cmTC_f53eb
/usr/bin/cmake -E cmake_link_script CMakeFiles/cmTC_f53eb.dir/link.txt --verbose=1
/usr/bin/cc  -DCHECK_FUNCTION_EXISTS=pthread_create    -rdynamic CMakeFiles/cmTC_f53eb.dir/CheckFunctionExists.c.o  -o cmTC_f53eb -lpthreads 
/usr/bin/ld: cannot find -lpthreads
collect2: error: ld returned 1 exit status
CMakeFiles/cmTC_f53eb.dir/build.make:97: recipe for target 'cmTC_f53eb' failed
make[1]: *** [cmTC_f53eb] Error 1
make[1]: Leaving directory '/home/cero2/kobuki_ws/build/kobuki_node/CMakeFiles/CMakeTmp'
Makefile:126: recipe for target 'cmTC_f53eb/fast' failed
make: *** [cmTC_f53eb/fast] Error 2


